2025-03-25T10:50:21.316+05:30  INFO 58001 --- [AddressBook] [restartedMain] c.e.AddressBook.AddressBookApplication   : Starting AddressBookApplication using Java 23.0.2 with PID 58001 (/Users/anuragsolanki/Desktop/BL_Spring/AddressBook/target/classes started by anuragsolanki in /Users/anuragsolanki/Desktop/BL_Spring/AddressBook)
2025-03-25T10:50:21.319+05:30  INFO 58001 --- [AddressBook] [restartedMain] c.e.AddressBook.AddressBookApplication   : The following 1 profile is active: "dev"
2025-03-25T10:50:21.348+05:30  INFO 58001 --- [AddressBook] [restartedMain] .e.DevToolsPropertyDefaultsPostProcessor : Devtools property defaults active! Set 'spring.devtools.add-properties' to 'false' to disable
2025-03-25T10:50:21.349+05:30  INFO 58001 --- [AddressBook] [restartedMain] .e.DevToolsPropertyDefaultsPostProcessor : For additional web related logging consider setting the 'logging.level.web' property to 'DEBUG'
2025-03-25T10:50:22.022+05:30  INFO 58001 --- [AddressBook] [restartedMain] .s.d.r.c.RepositoryConfigurationDelegate : Multiple Spring Data modules found, entering strict repository configuration mode
2025-03-25T10:50:22.023+05:30  INFO 58001 --- [AddressBook] [restartedMain] .s.d.r.c.RepositoryConfigurationDelegate : Bootstrapping Spring Data JPA repositories in DEFAULT mode.
2025-03-25T10:50:22.117+05:30  INFO 58001 --- [AddressBook] [restartedMain] .s.d.r.c.RepositoryConfigurationDelegate : Finished Spring Data repository scanning in 90 ms. Found 4 JPA repository interfaces.
2025-03-25T10:50:22.128+05:30  INFO 58001 --- [AddressBook] [restartedMain] .s.d.r.c.RepositoryConfigurationDelegate : Multiple Spring Data modules found, entering strict repository configuration mode
2025-03-25T10:50:22.129+05:30  INFO 58001 --- [AddressBook] [restartedMain] .s.d.r.c.RepositoryConfigurationDelegate : Bootstrapping Spring Data Redis repositories in DEFAULT mode.
2025-03-25T10:50:22.136+05:30  INFO 58001 --- [AddressBook] [restartedMain] .RepositoryConfigurationExtensionSupport : Spring Data Redis - Could not safely identify store assignment for repository candidate interface com.example.AddressBook.Repository.ContactRepository; If you want this repository to be a Redis repository, consider annotating your entities with one of these annotations: org.springframework.data.redis.core.RedisHash (preferred), or consider extending one of the following types with your repository: org.springframework.data.keyvalue.repository.KeyValueRepository
2025-03-25T10:50:22.137+05:30  INFO 58001 --- [AddressBook] [restartedMain] .RepositoryConfigurationExtensionSupport : Spring Data Redis - Could not safely identify store assignment for repository candidate interface com.example.AddressBook.Repository.PasswordResetTokenRepository; If you want this repository to be a Redis repository, consider annotating your entities with one of these annotations: org.springframework.data.redis.core.RedisHash (preferred), or consider extending one of the following types with your repository: org.springframework.data.keyvalue.repository.KeyValueRepository
2025-03-25T10:50:22.137+05:30  INFO 58001 --- [AddressBook] [restartedMain] .RepositoryConfigurationExtensionSupport : Spring Data Redis - Could not safely identify store assignment for repository candidate interface com.example.AddressBook.Repository.RefreshTokenRepository; If you want this repository to be a Redis repository, consider annotating your entities with one of these annotations: org.springframework.data.redis.core.RedisHash (preferred), or consider extending one of the following types with your repository: org.springframework.data.keyvalue.repository.KeyValueRepository
2025-03-25T10:50:22.137+05:30  INFO 58001 --- [AddressBook] [restartedMain] .RepositoryConfigurationExtensionSupport : Spring Data Redis - Could not safely identify store assignment for repository candidate interface com.example.AddressBook.Repository.UserRepository; If you want this repository to be a Redis repository, consider annotating your entities with one of these annotations: org.springframework.data.redis.core.RedisHash (preferred), or consider extending one of the following types with your repository: org.springframework.data.keyvalue.repository.KeyValueRepository
2025-03-25T10:50:22.137+05:30  INFO 58001 --- [AddressBook] [restartedMain] .s.d.r.c.RepositoryConfigurationDelegate : Finished Spring Data repository scanning in 3 ms. Found 0 Redis repository interfaces.
2025-03-25T10:50:22.569+05:30  INFO 58001 --- [AddressBook] [restartedMain] o.s.b.w.embedded.tomcat.TomcatWebServer  : Tomcat initialized with port 8080 (http)
2025-03-25T10:50:22.578+05:30  INFO 58001 --- [AddressBook] [restartedMain] o.apache.catalina.core.StandardService   : Starting service [Tomcat]
2025-03-25T10:50:22.578+05:30  INFO 58001 --- [AddressBook] [restartedMain] o.apache.catalina.core.StandardEngine    : Starting Servlet engine: [Apache Tomcat/10.1.36]
2025-03-25T10:50:22.597+05:30  INFO 58001 --- [AddressBook] [restartedMain] o.a.c.c.C.[Tomcat].[localhost].[/]       : Initializing Spring embedded WebApplicationContext
2025-03-25T10:50:22.598+05:30  INFO 58001 --- [AddressBook] [restartedMain] w.s.c.ServletWebServerApplicationContext : Root WebApplicationContext: initialization completed in 1249 ms
2025-03-25T10:50:22.678+05:30  INFO 58001 --- [AddressBook] [restartedMain] o.hibernate.jpa.internal.util.LogHelper  : HHH000204: Processing PersistenceUnitInfo [name: default]
2025-03-25T10:50:22.704+05:30  INFO 58001 --- [AddressBook] [restartedMain] org.hibernate.Version                    : HHH000412: Hibernate ORM core version 6.6.8.Final
2025-03-25T10:50:22.719+05:30  INFO 58001 --- [AddressBook] [restartedMain] o.h.c.internal.RegionFactoryInitiator    : HHH000026: Second-level cache disabled
2025-03-25T10:50:22.883+05:30  INFO 58001 --- [AddressBook] [restartedMain] o.s.o.j.p.SpringPersistenceUnitInfo      : No LoadTimeWeaver setup: ignoring JPA class transformer
2025-03-25T10:50:22.898+05:30  INFO 58001 --- [AddressBook] [restartedMain] com.zaxxer.hikari.HikariDataSource       : HikariPool-1 - Starting...
2025-03-25T10:50:22.991+05:30  INFO 58001 --- [AddressBook] [restartedMain] com.zaxxer.hikari.pool.HikariPool        : HikariPool-1 - Added connection conn0: url=jdbc:h2:mem:addressbookdb user=SA
2025-03-25T10:50:22.992+05:30  INFO 58001 --- [AddressBook] [restartedMain] com.zaxxer.hikari.HikariDataSource       : HikariPool-1 - Start completed.
2025-03-25T10:50:23.007+05:30  WARN 58001 --- [AddressBook] [restartedMain] org.hibernate.orm.deprecation            : HHH90000025: H2Dialect does not need to be specified explicitly using 'hibernate.dialect' (remove the property setting and it will be selected by default)
2025-03-25T10:50:23.019+05:30  INFO 58001 --- [AddressBook] [restartedMain] org.hibernate.orm.connections.pooling    : HHH10001005: Database info:
	Database JDBC URL [Connecting through datasource 'HikariDataSource (HikariPool-1)']
	Database driver: undefined/unknown
	Database version: 2.3.232
	Autocommit mode: undefined/unknown
	Isolation level: undefined/unknown
	Minimum pool size: undefined/unknown
	Maximum pool size: undefined/unknown
2025-03-25T10:50:23.531+05:30  INFO 58001 --- [AddressBook] [restartedMain] o.h.e.t.j.p.i.JtaPlatformInitiator       : HHH000489: No JTA platform available (set 'hibernate.transaction.jta.platform' to enable JTA platform integration)
2025-03-25T10:50:23.553+05:30  INFO 58001 --- [AddressBook] [restartedMain] j.LocalContainerEntityManagerFactoryBean : Initialized JPA EntityManagerFactory for persistence unit 'default'
2025-03-25T10:50:24.118+05:30  INFO 58001 --- [AddressBook] [restartedMain] eAuthenticationProviderManagerConfigurer : Global AuthenticationManager configured with AuthenticationProvider bean with name authenticationProvider
2025-03-25T10:50:24.118+05:30  WARN 58001 --- [AddressBook] [restartedMain] r$InitializeUserDetailsManagerConfigurer : Global AuthenticationManager configured with an AuthenticationProvider bean. UserDetailsService beans will not be used by Spring Security for automatically configuring username/password login. Consider removing the AuthenticationProvider bean. Alternatively, consider using the UserDetailsService in a manually instantiated DaoAuthenticationProvider. If the current configuration is intentional, to turn off this warning, increase the logging level of 'org.springframework.security.config.annotation.authentication.configuration.InitializeUserDetailsBeanManagerConfigurer' to ERROR
2025-03-25T10:50:24.197+05:30  WARN 58001 --- [AddressBook] [restartedMain] JpaBaseConfiguration$JpaWebConfiguration : spring.jpa.open-in-view is enabled by default. Therefore, database queries may be performed during view rendering. Explicitly configure spring.jpa.open-in-view to disable this warning
2025-03-25T10:50:24.401+05:30  INFO 58001 --- [AddressBook] [restartedMain] o.s.v.b.OptionalValidatorFactoryBean     : Failed to set up a Bean Validation provider: jakarta.validation.NoProviderFoundException: Unable to create a Configuration, because no Jakarta Bean Validation provider could be found. Add a provider like Hibernate Validator (RI) to your classpath.
2025-03-25T10:50:24.547+05:30  INFO 58001 --- [AddressBook] [restartedMain] o.s.b.a.h2.H2ConsoleAutoConfiguration    : H2 console available at '/h2-console'. Database available at 'jdbc:h2:mem:addressbookdb'
2025-03-25T10:50:24.596+05:30  INFO 58001 --- [AddressBook] [restartedMain] o.s.b.d.a.OptionalLiveReloadServer       : LiveReload server is running on port 35729
2025-03-25T10:50:24.629+05:30  INFO 58001 --- [AddressBook] [restartedMain] o.s.b.w.embedded.tomcat.TomcatWebServer  : Tomcat started on port 8080 (http) with context path '/'
2025-03-25T10:50:24.633+05:30  INFO 58001 --- [AddressBook] [restartedMain] o.s.a.r.c.CachingConnectionFactory       : Attempting to connect to: [localhost:5672]
2025-03-25T10:50:24.696+05:30  INFO 58001 --- [AddressBook] [restartedMain] o.s.a.r.c.CachingConnectionFactory       : Created new connection: rabbitConnectionFactory#c536f37:0/SimpleConnection@10985e71 [delegate=amqp://guest@127.0.0.1:5672/, localPort=53406]
2025-03-25T10:50:24.700+05:30  INFO 58001 --- [AddressBook] [restartedMain] o.s.amqp.rabbit.core.RabbitAdmin         : Auto-declaring a non-durable, auto-delete, or exclusive Queue (my_queue) durable:false, auto-delete:false, exclusive:false. It will be redeclared if the broker stops and is restarted while the connection factory is alive, but all messages will be lost.
2025-03-25T10:50:24.738+05:30  INFO 58001 --- [AddressBook] [restartedMain] c.e.AddressBook.AddressBookApplication   : Started AddressBookApplication in 3.727 seconds (process running for 4.205)
2025-03-25T10:50:36.991+05:30  INFO 58001 --- [AddressBook] [http-nio-8080-exec-1] o.a.c.c.C.[Tomcat].[localhost].[/]       : Initializing Spring DispatcherServlet 'dispatcherServlet'
2025-03-25T10:50:36.992+05:30  INFO 58001 --- [AddressBook] [http-nio-8080-exec-1] o.s.web.servlet.DispatcherServlet        : Initializing Servlet 'dispatcherServlet'
2025-03-25T10:50:36.999+05:30  INFO 58001 --- [AddressBook] [http-nio-8080-exec-1] o.s.web.servlet.DispatcherServlet        : Completed initialization in 6 ms
2025-03-25T11:05:24.283+05:30  INFO 58001 --- [AddressBook] [org.springframework.amqp.rabbit.RabbitListenerEndpointContainer#0-2] o.s.a.r.l.SimpleMessageListenerContainer : Waiting for workers to finish.
2025-03-25T11:05:24.975+05:30  INFO 58001 --- [AddressBook] [org.springframework.amqp.rabbit.RabbitListenerEndpointContainer#0-2] o.s.a.r.l.SimpleMessageListenerContainer : Successfully waited for workers to finish.
2025-03-25T11:05:24.985+05:30  INFO 58001 --- [AddressBook] [SpringApplicationShutdownHook] o.s.b.w.e.tomcat.GracefulShutdown        : Commencing graceful shutdown. Waiting for active requests to complete
2025-03-25T11:05:25.007+05:30  INFO 58001 --- [AddressBook] [tomcat-shutdown] o.s.b.w.e.tomcat.GracefulShutdown        : Graceful shutdown complete
2025-03-25T11:05:25.162+05:30  INFO 58001 --- [AddressBook] [SpringApplicationShutdownHook] j.LocalContainerEntityManagerFactoryBean : Closing JPA EntityManagerFactory for persistence unit 'default'
2025-03-25T11:05:25.194+05:30  WARN 58001 --- [AddressBook] [SpringApplicationShutdownHook] o.s.b.f.support.DisposableBeanAdapter    : Invocation of destroy method failed on bean with name 'inMemoryDatabaseShutdownExecutor': org.h2.jdbc.JdbcSQLNonTransientConnectionException: Database is already closed (to disable automatic closing at VM shutdown, add ";DB_CLOSE_ON_EXIT=FALSE" to the db URL) [90121-232]
2025-03-25T11:05:25.194+05:30  INFO 58001 --- [AddressBook] [SpringApplicationShutdownHook] com.zaxxer.hikari.HikariDataSource       : HikariPool-1 - Shutdown initiated...
2025-03-25T11:05:25.196+05:30  INFO 58001 --- [AddressBook] [SpringApplicationShutdownHook] com.zaxxer.hikari.HikariDataSource       : HikariPool-1 - Shutdown completed.
